  AppWindow.cpp
C:\Users\Nathan\Desktop\GDENG2\DirectXGame\Matrix4x4.h(54,18): warning C4244: '=': conversion from 'double' to 'float', possible loss of data
C:\Users\Nathan\Desktop\GDENG2\DirectXGame\Matrix4x4.h(55,18): warning C4244: '=': conversion from 'double' to 'float', possible loss of data
C:\Users\Nathan\Desktop\GDENG2\DirectXGame\Matrix4x4.h(56,15): warning C4244: '=': conversion from 'double' to 'float', possible loss of data
C:\Users\Nathan\Desktop\GDENG2\DirectXGame\Matrix4x4.h(57,18): warning C4244: '=': conversion from 'double' to 'float', possible loss of data
C:\Users\Nathan\Desktop\GDENG2\DirectXGame\Matrix4x4.h(63,18): warning C4244: '=': conversion from 'double' to 'float', possible loss of data
C:\Users\Nathan\Desktop\GDENG2\DirectXGame\Matrix4x4.h(64,15): warning C4244: '=': conversion from 'double' to 'float', possible loss of data
C:\Users\Nathan\Desktop\GDENG2\DirectXGame\Matrix4x4.h(65,18): warning C4244: '=': conversion from 'double' to 'float', possible loss of data
C:\Users\Nathan\Desktop\GDENG2\DirectXGame\Matrix4x4.h(66,18): warning C4244: '=': conversion from 'double' to 'float', possible loss of data
C:\Users\Nathan\Desktop\GDENG2\DirectXGame\Matrix4x4.h(72,18): warning C4244: '=': conversion from 'double' to 'float', possible loss of data
C:\Users\Nathan\Desktop\GDENG2\DirectXGame\Matrix4x4.h(73,18): warning C4244: '=': conversion from 'double' to 'float', possible loss of data
C:\Users\Nathan\Desktop\GDENG2\DirectXGame\Matrix4x4.h(74,15): warning C4244: '=': conversion from 'double' to 'float', possible loss of data
C:\Users\Nathan\Desktop\GDENG2\DirectXGame\Matrix4x4.h(75,18): warning C4244: '=': conversion from 'double' to 'float', possible loss of data
C:\Users\Nathan\Desktop\GDENG2\DirectXGame\Matrix4x4.h(158,36): warning C4244: '=': conversion from 'double' to 'float', possible loss of data
C:\Users\Nathan\Desktop\GDENG2\DirectXGame\Quaternion.h(26,76): warning C4244: '=': conversion from 'double' to 'float', possible loss of data
C:\Users\Nathan\Desktop\GDENG2\DirectXGame\Quaternion.h(27,76): warning C4244: '=': conversion from 'double' to 'float', possible loss of data
C:\Users\Nathan\Desktop\GDENG2\DirectXGame\Quaternion.h(28,76): warning C4244: '=': conversion from 'double' to 'float', possible loss of data
C:\Users\Nathan\Desktop\GDENG2\DirectXGame\Quaternion.h(29,76): warning C4244: '=': conversion from 'double' to 'float', possible loss of data
C:\Users\Nathan\Desktop\GDENG2\DirectXGame\AppWindow.cpp(20,27): warning C4838: conversion from 'const float' to 'LONG' requires a narrowing conversion
C:\Users\Nathan\Desktop\GDENG2\DirectXGame\AppWindow.cpp(20,27): warning C4244: 'initializing': conversion from 'const float' to 'LONG', possible loss of data
C:\Users\Nathan\Desktop\GDENG2\DirectXGame\AppWindow.cpp(20,40): warning C4838: conversion from 'const float' to 'LONG' requires a narrowing conversion
C:\Users\Nathan\Desktop\GDENG2\DirectXGame\AppWindow.cpp(20,40): warning C4244: 'initializing': conversion from 'const float' to 'LONG', possible loss of data
C:\Users\Nathan\Desktop\GDENG2\DirectXGame\AppWindow.cpp(103,34): warning C4316: 'AppWindow': object allocated on the heap may not be aligned 16
C:\Users\Nathan\Desktop\GDENG2\DirectXGame\AppWindow.cpp(172,33): warning C4244: '=': conversion from 'DWORD' to 'float', possible loss of data
  BoundingBox.cpp
C:\Users\Nathan\Desktop\GDENG2\DirectXGame\Matrix4x4.h(54,18): warning C4244: '=': conversion from 'double' to 'float', possible loss of data
C:\Users\Nathan\Desktop\GDENG2\DirectXGame\Matrix4x4.h(55,18): warning C4244: '=': conversion from 'double' to 'float', possible loss of data
C:\Users\Nathan\Desktop\GDENG2\DirectXGame\Matrix4x4.h(56,15): warning C4244: '=': conversion from 'double' to 'float', possible loss of data
C:\Users\Nathan\Desktop\GDENG2\DirectXGame\Matrix4x4.h(57,18): warning C4244: '=': conversion from 'double' to 'float', possible loss of data
C:\Users\Nathan\Desktop\GDENG2\DirectXGame\Matrix4x4.h(63,18): warning C4244: '=': conversion from 'double' to 'float', possible loss of data
C:\Users\Nathan\Desktop\GDENG2\DirectXGame\Matrix4x4.h(64,15): warning C4244: '=': conversion from 'double' to 'float', possible loss of data
C:\Users\Nathan\Desktop\GDENG2\DirectXGame\Matrix4x4.h(65,18): warning C4244: '=': conversion from 'double' to 'float', possible loss of data
C:\Users\Nathan\Desktop\GDENG2\DirectXGame\Matrix4x4.h(66,18): warning C4244: '=': conversion from 'double' to 'float', possible loss of data
C:\Users\Nathan\Desktop\GDENG2\DirectXGame\Matrix4x4.h(72,18): warning C4244: '=': conversion from 'double' to 'float', possible loss of data
C:\Users\Nathan\Desktop\GDENG2\DirectXGame\Matrix4x4.h(73,18): warning C4244: '=': conversion from 'double' to 'float', possible loss of data
C:\Users\Nathan\Desktop\GDENG2\DirectXGame\Matrix4x4.h(74,15): warning C4244: '=': conversion from 'double' to 'float', possible loss of data
C:\Users\Nathan\Desktop\GDENG2\DirectXGame\Matrix4x4.h(75,18): warning C4244: '=': conversion from 'double' to 'float', possible loss of data
C:\Users\Nathan\Desktop\GDENG2\DirectXGame\Matrix4x4.h(158,36): warning C4244: '=': conversion from 'double' to 'float', possible loss of data
C:\Users\Nathan\Desktop\GDENG2\DirectXGame\Quaternion.h(26,76): warning C4244: '=': conversion from 'double' to 'float', possible loss of data
C:\Users\Nathan\Desktop\GDENG2\DirectXGame\Quaternion.h(27,76): warning C4244: '=': conversion from 'double' to 'float', possible loss of data
C:\Users\Nathan\Desktop\GDENG2\DirectXGame\Quaternion.h(28,76): warning C4244: '=': conversion from 'double' to 'float', possible loss of data
C:\Users\Nathan\Desktop\GDENG2\DirectXGame\Quaternion.h(29,76): warning C4244: '=': conversion from 'double' to 'float', possible loss of data
  BoundingSphere.cpp
C:\Users\Nathan\Desktop\GDENG2\DirectXGame\Matrix4x4.h(54,18): warning C4244: '=': conversion from 'double' to 'float', possible loss of data
C:\Users\Nathan\Desktop\GDENG2\DirectXGame\Matrix4x4.h(55,18): warning C4244: '=': conversion from 'double' to 'float', possible loss of data
C:\Users\Nathan\Desktop\GDENG2\DirectXGame\Matrix4x4.h(56,15): warning C4244: '=': conversion from 'double' to 'float', possible loss of data
C:\Users\Nathan\Desktop\GDENG2\DirectXGame\Matrix4x4.h(57,18): warning C4244: '=': conversion from 'double' to 'float', possible loss of data
C:\Users\Nathan\Desktop\GDENG2\DirectXGame\Matrix4x4.h(63,18): warning C4244: '=': conversion from 'double' to 'float', possible loss of data
C:\Users\Nathan\Desktop\GDENG2\DirectXGame\Matrix4x4.h(64,15): warning C4244: '=': conversion from 'double' to 'float', possible loss of data
C:\Users\Nathan\Desktop\GDENG2\DirectXGame\Matrix4x4.h(65,18): warning C4244: '=': conversion from 'double' to 'float', possible loss of data
C:\Users\Nathan\Desktop\GDENG2\DirectXGame\Matrix4x4.h(66,18): warning C4244: '=': conversion from 'double' to 'float', possible loss of data
C:\Users\Nathan\Desktop\GDENG2\DirectXGame\Matrix4x4.h(72,18): warning C4244: '=': conversion from 'double' to 'float', possible loss of data
C:\Users\Nathan\Desktop\GDENG2\DirectXGame\Matrix4x4.h(73,18): warning C4244: '=': conversion from 'double' to 'float', possible loss of data
C:\Users\Nathan\Desktop\GDENG2\DirectXGame\Matrix4x4.h(74,15): warning C4244: '=': conversion from 'double' to 'float', possible loss of data
C:\Users\Nathan\Desktop\GDENG2\DirectXGame\Matrix4x4.h(75,18): warning C4244: '=': conversion from 'double' to 'float', possible loss of data
C:\Users\Nathan\Desktop\GDENG2\DirectXGame\Matrix4x4.h(158,36): warning C4244: '=': conversion from 'double' to 'float', possible loss of data
C:\Users\Nathan\Desktop\GDENG2\DirectXGame\Quaternion.h(26,76): warning C4244: '=': conversion from 'double' to 'float', possible loss of data
C:\Users\Nathan\Desktop\GDENG2\DirectXGame\Quaternion.h(27,76): warning C4244: '=': conversion from 'double' to 'float', possible loss of data
C:\Users\Nathan\Desktop\GDENG2\DirectXGame\Quaternion.h(28,76): warning C4244: '=': conversion from 'double' to 'float', possible loss of data
C:\Users\Nathan\Desktop\GDENG2\DirectXGame\Quaternion.h(29,76): warning C4244: '=': conversion from 'double' to 'float', possible loss of data
  main.cpp
C:\Users\Nathan\Desktop\GDENG2\DirectXGame\Matrix4x4.h(54,18): warning C4244: '=': conversion from 'double' to 'float', possible loss of data
C:\Users\Nathan\Desktop\GDENG2\DirectXGame\Matrix4x4.h(55,18): warning C4244: '=': conversion from 'double' to 'float', possible loss of data
C:\Users\Nathan\Desktop\GDENG2\DirectXGame\Matrix4x4.h(56,15): warning C4244: '=': conversion from 'double' to 'float', possible loss of data
C:\Users\Nathan\Desktop\GDENG2\DirectXGame\Matrix4x4.h(57,18): warning C4244: '=': conversion from 'double' to 'float', possible loss of data
C:\Users\Nathan\Desktop\GDENG2\DirectXGame\Matrix4x4.h(63,18): warning C4244: '=': conversion from 'double' to 'float', possible loss of data
C:\Users\Nathan\Desktop\GDENG2\DirectXGame\Matrix4x4.h(64,15): warning C4244: '=': conversion from 'double' to 'float', possible loss of data
C:\Users\Nathan\Desktop\GDENG2\DirectXGame\Matrix4x4.h(65,18): warning C4244: '=': conversion from 'double' to 'float', possible loss of data
C:\Users\Nathan\Desktop\GDENG2\DirectXGame\Matrix4x4.h(66,18): warning C4244: '=': conversion from 'double' to 'float', possible loss of data
C:\Users\Nathan\Desktop\GDENG2\DirectXGame\Matrix4x4.h(72,18): warning C4244: '=': conversion from 'double' to 'float', possible loss of data
C:\Users\Nathan\Desktop\GDENG2\DirectXGame\Matrix4x4.h(73,18): warning C4244: '=': conversion from 'double' to 'float', possible loss of data
C:\Users\Nathan\Desktop\GDENG2\DirectXGame\Matrix4x4.h(74,15): warning C4244: '=': conversion from 'double' to 'float', possible loss of data
C:\Users\Nathan\Desktop\GDENG2\DirectXGame\Matrix4x4.h(75,18): warning C4244: '=': conversion from 'double' to 'float', possible loss of data
C:\Users\Nathan\Desktop\GDENG2\DirectXGame\Matrix4x4.h(158,36): warning C4244: '=': conversion from 'double' to 'float', possible loss of data
C:\Users\Nathan\Desktop\GDENG2\DirectXGame\Quaternion.h(26,76): warning C4244: '=': conversion from 'double' to 'float', possible loss of data
C:\Users\Nathan\Desktop\GDENG2\DirectXGame\Quaternion.h(27,76): warning C4244: '=': conversion from 'double' to 'float', possible loss of data
C:\Users\Nathan\Desktop\GDENG2\DirectXGame\Quaternion.h(28,76): warning C4244: '=': conversion from 'double' to 'float', possible loss of data
C:\Users\Nathan\Desktop\GDENG2\DirectXGame\Quaternion.h(29,76): warning C4244: '=': conversion from 'double' to 'float', possible loss of data
  Quad.cpp
C:\Users\Nathan\Desktop\GDENG2\DirectXGame\Matrix4x4.h(54,18): warning C4244: '=': conversion from 'double' to 'float', possible loss of data
C:\Users\Nathan\Desktop\GDENG2\DirectXGame\Matrix4x4.h(55,18): warning C4244: '=': conversion from 'double' to 'float', possible loss of data
C:\Users\Nathan\Desktop\GDENG2\DirectXGame\Matrix4x4.h(56,15): warning C4244: '=': conversion from 'double' to 'float', possible loss of data
C:\Users\Nathan\Desktop\GDENG2\DirectXGame\Matrix4x4.h(57,18): warning C4244: '=': conversion from 'double' to 'float', possible loss of data
C:\Users\Nathan\Desktop\GDENG2\DirectXGame\Matrix4x4.h(63,18): warning C4244: '=': conversion from 'double' to 'float', possible loss of data
C:\Users\Nathan\Desktop\GDENG2\DirectXGame\Matrix4x4.h(64,15): warning C4244: '=': conversion from 'double' to 'float', possible loss of data
C:\Users\Nathan\Desktop\GDENG2\DirectXGame\Matrix4x4.h(65,18): warning C4244: '=': conversion from 'double' to 'float', possible loss of data
C:\Users\Nathan\Desktop\GDENG2\DirectXGame\Matrix4x4.h(66,18): warning C4244: '=': conversion from 'double' to 'float', possible loss of data
C:\Users\Nathan\Desktop\GDENG2\DirectXGame\Matrix4x4.h(72,18): warning C4244: '=': conversion from 'double' to 'float', possible loss of data
C:\Users\Nathan\Desktop\GDENG2\DirectXGame\Matrix4x4.h(73,18): warning C4244: '=': conversion from 'double' to 'float', possible loss of data
C:\Users\Nathan\Desktop\GDENG2\DirectXGame\Matrix4x4.h(74,15): warning C4244: '=': conversion from 'double' to 'float', possible loss of data
C:\Users\Nathan\Desktop\GDENG2\DirectXGame\Matrix4x4.h(75,18): warning C4244: '=': conversion from 'double' to 'float', possible loss of data
C:\Users\Nathan\Desktop\GDENG2\DirectXGame\Matrix4x4.h(158,36): warning C4244: '=': conversion from 'double' to 'float', possible loss of data
C:\Users\Nathan\Desktop\GDENG2\DirectXGame\Quaternion.h(26,76): warning C4244: '=': conversion from 'double' to 'float', possible loss of data
C:\Users\Nathan\Desktop\GDENG2\DirectXGame\Quaternion.h(27,76): warning C4244: '=': conversion from 'double' to 'float', possible loss of data
C:\Users\Nathan\Desktop\GDENG2\DirectXGame\Quaternion.h(28,76): warning C4244: '=': conversion from 'double' to 'float', possible loss of data
C:\Users\Nathan\Desktop\GDENG2\DirectXGame\Quaternion.h(29,76): warning C4244: '=': conversion from 'double' to 'float', possible loss of data
  Generating Code...
C:\Users\Nathan\Desktop\GDENG2\DirectXGame\Quad.cpp(162): warning C4172: returning address of local variable or temporary: worldLocations
  DirectXGame.vcxproj -> C:\Users\Nathan\Desktop\GDENG2\DirectXGame\Debug\DirectXGame.exe
